c:\users\anarg\desktop\chilli\chili framework poop\engine\release\dxerr.obj
c:\users\anarg\desktop\chilli\chili framework poop\engine\release\graphics.obj
c:\users\anarg\desktop\chilli\chili framework poop\engine\release\mouse.obj
c:\users\anarg\desktop\chilli\chili framework poop\engine\release\dude.obj
c:\users\anarg\desktop\chilli\chili framework poop\engine\release\keyboard.obj
c:\users\anarg\desktop\chilli\chili framework poop\engine\release\meter.obj
c:\users\anarg\desktop\chilli\chili framework poop\engine\release\goal.obj
c:\users\anarg\desktop\chilli\chili framework poop\engine\release\main.obj
c:\users\anarg\desktop\chilli\chili framework poop\engine\release\poo.obj
c:\users\anarg\desktop\chilli\chili framework poop\engine\release\game.obj
c:\users\anarg\desktop\chilli\chili framework poop\engine\release\mainwindow.obj
c:\users\anarg\desktop\chilli\chili framework poop\engine\release\vc140.pdb
c:\users\anarg\desktop\chilli\chili framework poop\engine\framebufferps.shh
c:\users\anarg\desktop\chilli\chili framework poop\engine\framebuffervs.shh
c:\users\anarg\desktop\chilli\chili framework poop\release\engine.exe
c:\users\anarg\desktop\chilli\chili framework poop\release\engine.ipdb
c:\users\anarg\desktop\chilli\chili framework poop\release\engine.iobj
c:\users\anarg\desktop\chilli\chili framework poop\release\engine.pdb
c:\users\anarg\desktop\chilli\chili framework poop\engine\release\resource.res
c:\users\anarg\desktop\chilli\chili framework poop\engine\release\nativecodeanalysis.read.1.tlog
c:\users\anarg\desktop\chilli\chili framework poop\engine\release\dxerr.nativecodeanalysis.xml
c:\users\anarg\desktop\chilli\chili framework poop\engine\release\game.nativecodeanalysis.xml
c:\users\anarg\desktop\chilli\chili framework poop\engine\release\graphics.nativecodeanalysis.xml
c:\users\anarg\desktop\chilli\chili framework poop\engine\release\keyboard.nativecodeanalysis.xml
c:\users\anarg\desktop\chilli\chili framework poop\engine\release\main.nativecodeanalysis.xml
c:\users\anarg\desktop\chilli\chili framework poop\engine\release\mainwindow.nativecodeanalysis.xml
c:\users\anarg\desktop\chilli\chili framework poop\engine\release\mouse.nativecodeanalysis.xml
c:\users\anarg\desktop\chilli\chili framework poop\engine\release\vc.nativecodeanalysis.all.xml
c:\users\anarg\desktop\chilli\chili framework poop\release\engine.exe.lastcodeanalysissucceeded
c:\users\anarg\desktop\chilli\chili framework poop\engine\release\engine.tlog\cl.command.1.tlog
c:\users\anarg\desktop\chilli\chili framework poop\engine\release\engine.tlog\cl.read.1.tlog
c:\users\anarg\desktop\chilli\chili framework poop\engine\release\engine.tlog\cl.write.1.tlog
c:\users\anarg\desktop\chilli\chili framework poop\engine\release\engine.tlog\engine.write.1u.tlog
c:\users\anarg\desktop\chilli\chili framework poop\engine\release\engine.tlog\fxc.command.1.tlog
c:\users\anarg\desktop\chilli\chili framework poop\engine\release\engine.tlog\fxc.read.1.tlog
c:\users\anarg\desktop\chilli\chili framework poop\engine\release\engine.tlog\fxc.write.1.tlog
c:\users\anarg\desktop\chilli\chili framework poop\engine\release\engine.tlog\link.command.1.tlog
c:\users\anarg\desktop\chilli\chili framework poop\engine\release\engine.tlog\link.read.1.tlog
c:\users\anarg\desktop\chilli\chili framework poop\engine\release\engine.tlog\link.write.1.tlog
c:\users\anarg\desktop\chilli\chili framework poop\engine\release\engine.tlog\rc.command.1.tlog
c:\users\anarg\desktop\chilli\chili framework poop\engine\release\engine.tlog\rc.read.1.tlog
c:\users\anarg\desktop\chilli\chili framework poop\engine\release\engine.tlog\rc.write.1.tlog
